<?xml version="1.0" encoding="UTF-8"?>
<testsuite errors="0" failures="1" name="JUC3 - Read an incident" skipped="0" tests="1" time="3.898135">
<testcase classname="JUC3 - Read an incident" name="Participant views an anonymous incident report" time="3.898135">
  <failure message="failed Participant views an anonymous incident report" type="failed">
    <![CDATA[Scenario: Participant views an anonymous incident report

Given I have logged in as "participant A"
And I have raised a white incident report anonymously in a private group
When I have logged in as "participant B"
Then I can view the anonymous incident report

Message:
]]>
    <![CDATA[end of file reached (EOFError)
./features/step_definitions/tbc_login_steps.rb:11:in `/^I? (?:am|have) logged in as "([^\"]+)"$/'
features/juc03_read_an_incident.feature:6:in `Given I have logged in as "participant A"']]>
  </failure>
  <system-out/>
  <system-err/>
</testcase>
  <system-out>
    <![CDATA[]]>
  </system-out>
  <system-err>
    <![CDATA[]]>
  </system-err>
</testsuite>
