<?xml version="1.0" encoding="UTF-8"?>
<testsuite errors="0" failures="0" name="Admin deletes an incident report" skipped="0" tests="0" time="0.000000">
  <system-out>
    <![CDATA[]]>
  </system-out>
  <system-err>
    <![CDATA[]]>
  </system-err>
</testsuite>
